<?xml version="1.0" encoding="UTF-8"?>
<!-- Generated by org.testng.reporters.JUnitReportReporter -->
<testsuite skipped="0" hostname="Miradels-MacBook-Pro.local" name="com.prestashop.tests.smoke_tests.Product_information" tests="3" failures="0" timestamp="2019-06-23T22:52:44 EDT" time="10.499" errors="0">
  <testcase name="Product_information_details" time="3.084" classname="com.prestashop.tests.smoke_tests.Product_information"/>
  <testcase name="Add_to_cart" time="4.469" classname="com.prestashop.tests.smoke_tests.Product_information"/>
  <testcase name="Product_information_price" time="2.946" classname="com.prestashop.tests.smoke_tests.Product_information"/>
</testsuite> <!-- com.prestashop.tests.smoke_tests.Product_information -->
