<?xml version="1.0" encoding="UTF-8"?>
<!-- Generated by org.testng.reporters.JUnitReportReporter -->
<testsuite skipped="0" hostname="Miradels-MacBook-Pro.local" name="com.prestashop.tests.smoke_tests.AcoountInformation" tests="3" failures="0" timestamp="2019-06-23T22:52:44 EDT" time="16.552" errors="0">
  <testcase name="My_addresses" time="6.577" classname="com.prestashop.tests.smoke_tests.AcoountInformation"/>
  <testcase name="verfyTitleAndUserName" time="3.969" classname="com.prestashop.tests.smoke_tests.AcoountInformation"/>
  <testcase name="My_personal_information" time="6.006" classname="com.prestashop.tests.smoke_tests.AcoountInformation"/>
</testsuite> <!-- com.prestashop.tests.smoke_tests.AcoountInformation -->
